  Projet.cpp
  Facettes.cpp
  Génération de code en cours...
  zutil.c
  uncompr.c
  trees.c
  pngwutil.c
c:\users\laura\desktop\ig\projet\include\png\png\pngwutil.c(180): warning C4996: 'sprintf': This function or variable may be unsafe. Consider using sprintf_s instead. To disable deprecation, use _CRT_SECURE_NO_WARNINGS. See online help for details.
  c:\program files (x86)\windows kits\10\include\10.0.10240.0\ucrt\stdio.h(1769): note: voir la déclaration de 'sprintf'
c:\users\laura\desktop\ig\projet\include\png\png\pngwutil.c(1211): warning C4996: 'sprintf': This function or variable may be unsafe. Consider using sprintf_s instead. To disable deprecation, use _CRT_SECURE_NO_WARNINGS. See online help for details.
  c:\program files (x86)\windows kits\10\include\10.0.10240.0\ucrt\stdio.h(1769): note: voir la déclaration de 'sprintf'
c:\users\laura\desktop\ig\projet\include\png\png\pngwutil.c(1591): warning C4996: 'sprintf': This function or variable may be unsafe. Consider using sprintf_s instead. To disable deprecation, use _CRT_SECURE_NO_WARNINGS. See online help for details.
  c:\program files (x86)\windows kits\10\include\10.0.10240.0\ucrt\stdio.h(1769): note: voir la déclaration de 'sprintf'
c:\users\laura\desktop\ig\projet\include\png\png\pngwutil.c(1592): warning C4996: 'sprintf': This function or variable may be unsafe. Consider using sprintf_s instead. To disable deprecation, use _CRT_SECURE_NO_WARNINGS. See online help for details.
  c:\program files (x86)\windows kits\10\include\10.0.10240.0\ucrt\stdio.h(1769): note: voir la déclaration de 'sprintf'
  pngwtran.c
  pngwrite.c
c:\users\laura\desktop\ig\projet\include\png\png\pngwrite.c(422): warning C4996: 'gmtime': This function or variable may be unsafe. Consider using gmtime_s instead. To disable deprecation, use _CRT_SECURE_NO_WARNINGS. See online help for details.
  c:\program files (x86)\windows kits\10\include\10.0.10240.0\ucrt\time.h(495): note: voir la déclaration de 'gmtime'
c:\users\laura\desktop\ig\projet\include\png\png\pngwrite.c(518): warning C4996: 'sprintf': This function or variable may be unsafe. Consider using sprintf_s instead. To disable deprecation, use _CRT_SECURE_NO_WARNINGS. See online help for details.
  c:\program files (x86)\windows kits\10\include\10.0.10240.0\ucrt\stdio.h(1769): note: voir la déclaration de 'sprintf'
c:\users\laura\desktop\ig\projet\include\png\png\pngwrite.c(522): warning C4996: 'sprintf': This function or variable may be unsafe. Consider using sprintf_s instead. To disable deprecation, use _CRT_SECURE_NO_WARNINGS. See online help for details.
  c:\program files (x86)\windows kits\10\include\10.0.10240.0\ucrt\stdio.h(1769): note: voir la déclaration de 'sprintf'
c:\users\laura\desktop\ig\projet\include\png\png\pngwrite.c(587): warning C4996: 'sprintf': This function or variable may be unsafe. Consider using sprintf_s instead. To disable deprecation, use _CRT_SECURE_NO_WARNINGS. See online help for details.
  c:\program files (x86)\windows kits\10\include\10.0.10240.0\ucrt\stdio.h(1769): note: voir la déclaration de 'sprintf'
c:\users\laura\desktop\ig\projet\include\png\png\pngwrite.c(591): warning C4996: 'sprintf': This function or variable may be unsafe. Consider using sprintf_s instead. To disable deprecation, use _CRT_SECURE_NO_WARNINGS. See online help for details.
  c:\program files (x86)\windows kits\10\include\10.0.10240.0\ucrt\stdio.h(1769): note: voir la déclaration de 'sprintf'
  pngwio.c
  pngtrans.c
  pngset.c
c:\users\laura\desktop\ig\projet\include\png\png\pngset.c(691): warning C4996: 'strcpy': This function or variable may be unsafe. Consider using strcpy_s instead. To disable deprecation, use _CRT_SECURE_NO_WARNINGS. See online help for details.
  c:\program files (x86)\windows kits\10\include\10.0.10240.0\ucrt\string.h(119): note: voir la déclaration de 'strcpy'
c:\users\laura\desktop\ig\projet\include\png\png\pngset.c(977): warning C4996: 'strcpy': This function or variable may be unsafe. Consider using strcpy_s instead. To disable deprecation, use _CRT_SECURE_NO_WARNINGS. See online help for details.
  c:\program files (x86)\windows kits\10\include\10.0.10240.0\ucrt\string.h(119): note: voir la déclaration de 'strcpy'
c:\users\laura\desktop\ig\projet\include\png\png\pngset.c(1026): warning C4996: 'strncpy': This function or variable may be unsafe. Consider using strncpy_s instead. To disable deprecation, use _CRT_SECURE_NO_WARNINGS. See online help for details.
  c:\program files (x86)\windows kits\10\include\10.0.10240.0\ucrt\string.h(346): note: voir la déclaration de 'strncpy'
  pngrutil.c
c:\users\laura\desktop\ig\projet\include\png\png\pngrutil.c(282): warning C4996: 'sprintf': This function or variable may be unsafe. Consider using sprintf_s instead. To disable deprecation, use _CRT_SECURE_NO_WARNINGS. See online help for details.
  c:\program files (x86)\windows kits\10\include\10.0.10240.0\ucrt\stdio.h(1769): note: voir la déclaration de 'sprintf'
c:\users\laura\desktop\ig\projet\include\png\png\pngrutil.c(285): warning C4996: 'sprintf': This function or variable may be unsafe. Consider using sprintf_s instead. To disable deprecation, use _CRT_SECURE_NO_WARNINGS. See online help for details.
  c:\program files (x86)\windows kits\10\include\10.0.10240.0\ucrt\stdio.h(1769): note: voir la déclaration de 'sprintf'
c:\users\laura\desktop\ig\projet\include\png\png\pngrutil.c(288): warning C4996: 'sprintf': This function or variable may be unsafe. Consider using sprintf_s instead. To disable deprecation, use _CRT_SECURE_NO_WARNINGS. See online help for details.
  c:\program files (x86)\windows kits\10\include\10.0.10240.0\ucrt\stdio.h(1769): note: voir la déclaration de 'sprintf'
c:\users\laura\desktop\ig\projet\include\png\png\pngrutil.c(321): warning C4996: 'sprintf': This function or variable may be unsafe. Consider using sprintf_s instead. To disable deprecation, use _CRT_SECURE_NO_WARNINGS. See online help for details.
  c:\program files (x86)\windows kits\10\include\10.0.10240.0\ucrt\stdio.h(1769): note: voir la déclaration de 'sprintf'
c:\users\laura\desktop\ig\projet\include\png\png\pngrutil.c(2184): warning C4996: 'strcpy': This function or variable may be unsafe. Consider using strcpy_s instead. To disable deprecation, use _CRT_SECURE_NO_WARNINGS. See online help for details.
  c:\program files (x86)\windows kits\10\include\10.0.10240.0\ucrt\string.h(119): note: voir la déclaration de 'strcpy'
  pngrtran.c
c:\users\laura\desktop\ig\projet\include\png\png\pngrtran.c(1225): warning C4996: 'sprintf': This function or variable may be unsafe. Consider using sprintf_s instead. To disable deprecation, use _CRT_SECURE_NO_WARNINGS. See online help for details.
  c:\program files (x86)\windows kits\10\include\10.0.10240.0\ucrt\stdio.h(1769): note: voir la déclaration de 'sprintf'
  pngrio.c
  pngread.c
c:\users\laura\desktop\ig\projet\include\png\png\pngread.c(120): warning C4996: 'sprintf': This function or variable may be unsafe. Consider using sprintf_s instead. To disable deprecation, use _CRT_SECURE_NO_WARNINGS. See online help for details.
  c:\program files (x86)\windows kits\10\include\10.0.10240.0\ucrt\stdio.h(1769): note: voir la déclaration de 'sprintf'
c:\users\laura\desktop\ig\projet\include\png\png\pngread.c(124): warning C4996: 'sprintf': This function or variable may be unsafe. Consider using sprintf_s instead. To disable deprecation, use _CRT_SECURE_NO_WARNINGS. See online help for details.
  c:\program files (x86)\windows kits\10\include\10.0.10240.0\ucrt\stdio.h(1769): note: voir la déclaration de 'sprintf'
c:\users\laura\desktop\ig\projet\include\png\png\pngread.c(199): warning C4996: 'sprintf': This function or variable may be unsafe. Consider using sprintf_s instead. To disable deprecation, use _CRT_SECURE_NO_WARNINGS. See online help for details.
  c:\program files (x86)\windows kits\10\include\10.0.10240.0\ucrt\stdio.h(1769): note: voir la déclaration de 'sprintf'
c:\users\laura\desktop\ig\projet\include\png\png\pngread.c(203): warning C4996: 'sprintf': This function or variable may be unsafe. Consider using sprintf_s instead. To disable deprecation, use _CRT_SECURE_NO_WARNINGS. See online help for details.
  c:\program files (x86)\windows kits\10\include\10.0.10240.0\ucrt\stdio.h(1769): note: voir la déclaration de 'sprintf'
  pngpread.c
c:\users\laura\desktop\ig\projet\include\png\png\pngpread.c(1494): warning C4996: 'strcpy': This function or variable may be unsafe. Consider using strcpy_s instead. To disable deprecation, use _CRT_SECURE_NO_WARNINGS. See online help for details.
  c:\program files (x86)\windows kits\10\include\10.0.10240.0\ucrt\string.h(119): note: voir la déclaration de 'strcpy'
  pngmem.c
  pngget.c
  pngerror.c
c:\users\laura\desktop\ig\projet\include\png\png\pngerror.c(149): warning C4996: 'strncpy': This function or variable may be unsafe. Consider using strncpy_s instead. To disable deprecation, use _CRT_SECURE_NO_WARNINGS. See online help for details.
  c:\program files (x86)\windows kits\10\include\10.0.10240.0\ucrt\string.h(346): note: voir la déclaration de 'strncpy'
  png.c
c:\users\laura\desktop\ig\projet\include\png\png\png.c(672): warning C4996: 'sprintf': This function or variable may be unsafe. Consider using sprintf_s instead. To disable deprecation, use _CRT_SECURE_NO_WARNINGS. See online help for details.
  c:\program files (x86)\windows kits\10\include\10.0.10240.0\ucrt\stdio.h(1769): note: voir la déclaration de 'sprintf'
  inftrees.c
  inflate.c
  Génération de code en cours...
  Compilation en cours...
  inffast.c
  infback.c
  gzio.c
c:\users\laura\desktop\ig\projet\include\png\png\gzio.c(128): warning C4996: 'strcpy': This function or variable may be unsafe. Consider using strcpy_s instead. To disable deprecation, use _CRT_SECURE_NO_WARNINGS. See online help for details.
  c:\program files (x86)\windows kits\10\include\10.0.10240.0\ucrt\string.h(119): note: voir la déclaration de 'strcpy'
c:\users\laura\desktop\ig\projet\include\png\png\gzio.c(178): warning C4996: 'fopen': This function or variable may be unsafe. Consider using fopen_s instead. To disable deprecation, use _CRT_SECURE_NO_WARNINGS. See online help for details.
  c:\program files (x86)\windows kits\10\include\10.0.10240.0\ucrt\stdio.h(205): note: voir la déclaration de 'fopen'
c:\users\laura\desktop\ig\projet\include\png\png\gzio.c(219): warning C4996: 'sprintf': This function or variable may be unsafe. Consider using sprintf_s instead. To disable deprecation, use _CRT_SECURE_NO_WARNINGS. See online help for details.
  c:\program files (x86)\windows kits\10\include\10.0.10240.0\ucrt\stdio.h(1769): note: voir la déclaration de 'sprintf'
c:\users\laura\desktop\ig\projet\include\png\png\gzio.c(602): warning C4996: '_vsnprintf': This function or variable may be unsafe. Consider using _vsnprintf_s instead. To disable deprecation, use _CRT_SECURE_NO_WARNINGS. See online help for details.
  c:\program files (x86)\windows kits\10\include\10.0.10240.0\ucrt\stdio.h(1396): note: voir la déclaration de '_vsnprintf'
c:\users\laura\desktop\ig\projet\include\png\png\gzio.c(955): warning C4996: 'strerror': This function or variable may be unsafe. Consider using strerror_s instead. To disable deprecation, use _CRT_SECURE_NO_WARNINGS. See online help for details.
  c:\program files (x86)\windows kits\10\include\10.0.10240.0\ucrt\string.h(178): note: voir la déclaration de 'strerror'
c:\users\laura\desktop\ig\projet\include\png\png\gzio.c(962): warning C4996: 'strcpy': This function or variable may be unsafe. Consider using strcpy_s instead. To disable deprecation, use _CRT_SECURE_NO_WARNINGS. See online help for details.
  c:\program files (x86)\windows kits\10\include\10.0.10240.0\ucrt\string.h(119): note: voir la déclaration de 'strcpy'
c:\users\laura\desktop\ig\projet\include\png\png\gzio.c(963): warning C4996: 'strcat': This function or variable may be unsafe. Consider using strcat_s instead. To disable deprecation, use _CRT_SECURE_NO_WARNINGS. See online help for details.
  c:\program files (x86)\windows kits\10\include\10.0.10240.0\ucrt\string.h(90): note: voir la déclaration de 'strcat'
c:\users\laura\desktop\ig\projet\include\png\png\gzio.c(964): warning C4996: 'strcat': This function or variable may be unsafe. Consider using strcat_s instead. To disable deprecation, use _CRT_SECURE_NO_WARNINGS. See online help for details.
  c:\program files (x86)\windows kits\10\include\10.0.10240.0\ucrt\string.h(90): note: voir la déclaration de 'strcat'
  deflate.c
  crc32.c
  compress.c
  adler32.c
  Génération de code en cours...
ChargePngFile.obj : warning LNK4075: ' /EDITANDCONTINUE' ignoré à cause de la spécification '/SAFESEH'
  Exemple.vcxproj -> C:\Users\Laura\Desktop\IG\Projet\Projet\Exemple\..\..\Temp\Debug\Exemple\Exemple.exe
  Exemple.vcxproj -> ..\..\Temp\Debug\Exemple\Exemple.pdb (Full PDB)
          1 fichier(s) copié(s).
